mode: set
alterra/services/user/user_service.go:20.85,25.2 1 1
alterra/services/user/user_service.go:27.110,31.16 2 1
alterra/services/user/user_service.go:36.2,41.16 4 1
alterra/services/user/user_service.go:44.2,52.16 5 1
alterra/services/user/user_service.go:57.2,60.21 3 1
alterra/services/user/user_service.go:31.16,33.3 1 1
alterra/services/user/user_service.go:41.16,43.3 1 1
alterra/services/user/user_service.go:52.16,54.3 1 1
alterra/services/user/user_service.go:68.147,76.16 4 1
alterra/services/user/user_service.go:81.2,83.22 2 1
alterra/services/user/user_service.go:76.16,78.3 1 1
alterra/services/user/user_service.go:91.72,95.16 2 1
alterra/services/user/user_service.go:100.2,103.21 3 1
alterra/services/user/user_service.go:95.16,97.3 1 1
alterra/services/user/user_service.go:111.94,115.16 2 1
alterra/services/user/user_service.go:120.2,123.21 3 1
alterra/services/user/user_service.go:115.16,117.3 1 1
alterra/services/user/user_service.go:131.118,135.16 2 1
alterra/services/user/user_service.go:140.2,143.32 2 1
alterra/services/user/user_service.go:149.2,154.21 4 1
alterra/services/user/user_service.go:135.16,137.3 1 1
alterra/services/user/user_service.go:143.32,146.3 2 1
alterra/services/user/user_service.go:162.53,166.16 2 1
alterra/services/user/user_service.go:171.2,172.12 2 1
alterra/services/user/user_service.go:166.16,168.3 1 1
alterra/services/user/user_service.go:180.116,182.16 2 1
alterra/services/user/user_service.go:185.2,185.16 1 1
alterra/services/user/user_service.go:188.2,189.32 2 1
alterra/services/user/user_service.go:193.2,197.8 1 1
alterra/services/user/user_service.go:182.16,184.3 1 1
alterra/services/user/user_service.go:185.16,187.3 1 1
alterra/services/user/user_service.go:189.32,191.3 1 1
alterra/services/auth/auth_service.go:18.83,22.2 1 1
alterra/services/auth/auth_service.go:29.99,33.16 2 1
alterra/services/auth/auth_service.go:38.2,39.18 2 1
alterra/services/auth/auth_service.go:44.2,49.16 4 1
alterra/services/auth/auth_service.go:53.2,56.8 1 1
alterra/services/auth/auth_service.go:33.16,35.3 1 1
alterra/services/auth/auth_service.go:39.18,41.3 1 1
alterra/services/auth/auth_service.go:49.16,51.3 1 0
alterra/services/auth/auth_service.go:64.93,79.2 6 1
